0:0:0:0:0:0:0:1 - - [04/Aug/2015:19:03:04 +0000] "GET / HTTP/1.1" 200 - "-" "Mozilla/5.0 (Macintosh; Intel Mac OS X 10_10_3) AppleWebKit/537.36 (KHTML, like Gecko) Chrome/44.0.2403.125 Safari/537.36" 20
0:0:0:0:0:0:0:1 - - [04/Aug/2015:19:03:04 +0000] "GET /css/vendor/normalize.css HTTP/1.1" 200 - "http://localhost:8080/" "Mozilla/5.0 (Macintosh; Intel Mac OS X 10_10_3) AppleWebKit/537.36 (KHTML, like Gecko) Chrome/44.0.2403.125 Safari/537.36" 6
0:0:0:0:0:0:0:1 - - [04/Aug/2015:19:03:04 +0000] "GET /css/vendor/ng-tags-input.css HTTP/1.1" 200 - "http://localhost:8080/" "Mozilla/5.0 (Macintosh; Intel Mac OS X 10_10_3) AppleWebKit/537.36 (KHTML, like Gecko) Chrome/44.0.2403.125 Safari/537.36" 3
0:0:0:0:0:0:0:1 - - [04/Aug/2015:19:03:04 +0000] "GET /js/less/less-config.js HTTP/1.1" 200 85 "http://localhost:8080/" "Mozilla/5.0 (Macintosh; Intel Mac OS X 10_10_3) AppleWebKit/537.36 (KHTML, like Gecko) Chrome/44.0.2403.125 Safari/537.36" 3
0:0:0:0:0:0:0:1 - - [04/Aug/2015:19:03:04 +0000] "GET /img/sejmotrendy-logo.png HTTP/1.1" 200 - "http://localhost:8080/" "Mozilla/5.0 (Macintosh; Intel Mac OS X 10_10_3) AppleWebKit/537.36 (KHTML, like Gecko) Chrome/44.0.2403.125 Safari/537.36" 5
0:0:0:0:0:0:0:1 - - [04/Aug/2015:19:03:04 +0000] "GET /js/vendor/modernizr-2.7.2.js HTTP/1.1" 200 - "http://localhost:8080/" "Mozilla/5.0 (Macintosh; Intel Mac OS X 10_10_3) AppleWebKit/537.36 (KHTML, like Gecko) Chrome/44.0.2403.125 Safari/537.36" 11
0:0:0:0:0:0:0:1 - - [04/Aug/2015:19:03:04 +0000] "GET /js/vendor/less-1.7.3.min.js HTTP/1.1" 200 - "http://localhost:8080/" "Mozilla/5.0 (Macintosh; Intel Mac OS X 10_10_3) AppleWebKit/537.36 (KHTML, like Gecko) Chrome/44.0.2403.125 Safari/537.36" 20
0:0:0:0:0:0:0:1 - - [04/Aug/2015:19:03:04 +0000] "GET /js/vendor/underscore-min.js HTTP/1.1" 200 - "http://localhost:8080/" "Mozilla/5.0 (Macintosh; Intel Mac OS X 10_10_3) AppleWebKit/537.36 (KHTML, like Gecko) Chrome/44.0.2403.125 Safari/537.36" 3
0:0:0:0:0:0:0:1 - - [04/Aug/2015:19:03:04 +0000] "GET /js/vendor/angular.min.js HTTP/1.1" 200 - "http://localhost:8080/" "Mozilla/5.0 (Macintosh; Intel Mac OS X 10_10_3) AppleWebKit/537.36 (KHTML, like Gecko) Chrome/44.0.2403.125 Safari/537.36" 10
0:0:0:0:0:0:0:1 - - [04/Aug/2015:19:03:04 +0000] "GET /js/vendor/angular-animate.min.js HTTP/1.1" 200 - "http://localhost:8080/" "Mozilla/5.0 (Macintosh; Intel Mac OS X 10_10_3) AppleWebKit/537.36 (KHTML, like Gecko) Chrome/44.0.2403.125 Safari/537.36" 3
0:0:0:0:0:0:0:1 - - [04/Aug/2015:19:03:04 +0000] "GET /js/vendor/angular-route.min.js HTTP/1.1" 200 - "http://localhost:8080/" "Mozilla/5.0 (Macintosh; Intel Mac OS X 10_10_3) AppleWebKit/537.36 (KHTML, like Gecko) Chrome/44.0.2403.125 Safari/537.36" 2
0:0:0:0:0:0:0:1 - - [04/Aug/2015:19:03:04 +0000] "GET /js/vendor/ng-tags-input.js HTTP/1.1" 200 - "http://localhost:8080/" "Mozilla/5.0 (Macintosh; Intel Mac OS X 10_10_3) AppleWebKit/537.36 (KHTML, like Gecko) Chrome/44.0.2403.125 Safari/537.36" 3
0:0:0:0:0:0:0:1 - - [04/Aug/2015:19:03:05 +0000] "GET /js/angularjs/app.js HTTP/1.1" 200 - "http://localhost:8080/" "Mozilla/5.0 (Macintosh; Intel Mac OS X 10_10_3) AppleWebKit/537.36 (KHTML, like Gecko) Chrome/44.0.2403.125 Safari/537.36" 1
0:0:0:0:0:0:0:1 - - [04/Aug/2015:19:03:05 +0000] "GET /js/vendor/d3.pl.min.js HTTP/1.1" 200 - "http://localhost:8080/" "Mozilla/5.0 (Macintosh; Intel Mac OS X 10_10_3) AppleWebKit/537.36 (KHTML, like Gecko) Chrome/44.0.2403.125 Safari/537.36" 12
0:0:0:0:0:0:0:1 - - [04/Aug/2015:19:03:05 +0000] "GET /js/angularjs/directives/OnSizeChanged.js HTTP/1.1" 200 - "http://localhost:8080/" "Mozilla/5.0 (Macintosh; Intel Mac OS X 10_10_3) AppleWebKit/537.36 (KHTML, like Gecko) Chrome/44.0.2403.125 Safari/537.36" 2
0:0:0:0:0:0:0:1 - - [04/Aug/2015:19:03:05 +0000] "GET /js/angularjs/directives/TermOccurencesChart.js HTTP/1.1" 200 - "http://localhost:8080/" "Mozilla/5.0 (Macintosh; Intel Mac OS X 10_10_3) AppleWebKit/537.36 (KHTML, like Gecko) Chrome/44.0.2403.125 Safari/537.36" 2
0:0:0:0:0:0:0:1 - - [04/Aug/2015:19:03:05 +0000] "GET /js/angularjs/directives/RangeFilterChart.js HTTP/1.1" 200 - "http://localhost:8080/" "Mozilla/5.0 (Macintosh; Intel Mac OS X 10_10_3) AppleWebKit/537.36 (KHTML, like Gecko) Chrome/44.0.2403.125 Safari/537.36" 2
0:0:0:0:0:0:0:1 - - [04/Aug/2015:19:03:05 +0000] "GET /js/angularjs/directives/GraphLegend.js HTTP/1.1" 200 - "http://localhost:8080/" "Mozilla/5.0 (Macintosh; Intel Mac OS X 10_10_3) AppleWebKit/537.36 (KHTML, like Gecko) Chrome/44.0.2403.125 Safari/537.36" 2
0:0:0:0:0:0:0:1 - - [04/Aug/2015:19:03:05 +0000] "GET /js/angularjs/services/PhrasesService.js HTTP/1.1" 200 - "http://localhost:8080/" "Mozilla/5.0 (Macintosh; Intel Mac OS X 10_10_3) AppleWebKit/537.36 (KHTML, like Gecko) Chrome/44.0.2403.125 Safari/537.36" 1
0:0:0:0:0:0:0:1 - - [04/Aug/2015:19:03:05 +0000] "GET /js/angularjs/controllers/IndexCtrl.js HTTP/1.1" 200 244 "http://localhost:8080/" "Mozilla/5.0 (Macintosh; Intel Mac OS X 10_10_3) AppleWebKit/537.36 (KHTML, like Gecko) Chrome/44.0.2403.125 Safari/537.36" 1
0:0:0:0:0:0:0:1 - - [04/Aug/2015:19:03:05 +0000] "GET /js/angularjs/controllers/ChartCtrl.js HTTP/1.1" 200 - "http://localhost:8080/" "Mozilla/5.0 (Macintosh; Intel Mac OS X 10_10_3) AppleWebKit/537.36 (KHTML, like Gecko) Chrome/44.0.2403.125 Safari/537.36" 1
0:0:0:0:0:0:0:1 - - [04/Aug/2015:19:03:19 +0000] "GET /css/index.less HTTP/1.1" 200 - "http://localhost:8080/" "Mozilla/5.0 (Macintosh; Intel Mac OS X 10_10_3) AppleWebKit/537.36 (KHTML, like Gecko) Chrome/44.0.2403.125 Safari/537.36" 2
0:0:0:0:0:0:0:1 - - [04/Aug/2015:19:03:19 +0000] "GET /css/common.less HTTP/1.1" 200 - "http://localhost:8080/" "Mozilla/5.0 (Macintosh; Intel Mac OS X 10_10_3) AppleWebKit/537.36 (KHTML, like Gecko) Chrome/44.0.2403.125 Safari/537.36" 1
0:0:0:0:0:0:0:1 - - [04/Aug/2015:19:03:19 +0000] "GET /css/chart.less HTTP/1.1" 200 - "http://localhost:8080/" "Mozilla/5.0 (Macintosh; Intel Mac OS X 10_10_3) AppleWebKit/537.36 (KHTML, like Gecko) Chrome/44.0.2403.125 Safari/537.36" 1
0:0:0:0:0:0:0:1 - - [04/Aug/2015:19:03:20 +0000] "GET /templates/chart.html HTTP/1.1" 200 - "http://localhost:8080/" "Mozilla/5.0 (Macintosh; Intel Mac OS X 10_10_3) AppleWebKit/537.36 (KHTML, like Gecko) Chrome/44.0.2403.125 Safari/537.36" 3
0:0:0:0:0:0:0:1 - - [04/Aug/2015:19:03:20 +0000] "GET /service/api/hitcount/top HTTP/1.1" 200 51 "http://localhost:8080/" "Mozilla/5.0 (Macintosh; Intel Mac OS X 10_10_3) AppleWebKit/537.36 (KHTML, like Gecko) Chrome/44.0.2403.125 Safari/537.36" 67
0:0:0:0:0:0:0:1 - - [04/Aug/2015:19:03:20 +0000] "GET /templates/legend.html HTTP/1.1" 200 - "http://localhost:8080/" "Mozilla/5.0 (Macintosh; Intel Mac OS X 10_10_3) AppleWebKit/537.36 (KHTML, like Gecko) Chrome/44.0.2403.125 Safari/537.36" 2
0:0:0:0:0:0:0:1 - - [04/Aug/2015:19:03:20 +0000] "GET /img/tag-close.png HTTP/1.1" 200 - "http://localhost:8080/" "Mozilla/5.0 (Macintosh; Intel Mac OS X 10_10_3) AppleWebKit/537.36 (KHTML, like Gecko) Chrome/44.0.2403.125 Safari/537.36" 2
0:0:0:0:0:0:0:1 - - [04/Aug/2015:19:03:21 +0000] "GET /favicon.ico HTTP/1.1" 200 - "http://localhost:8080/" "Mozilla/5.0 (Macintosh; Intel Mac OS X 10_10_3) AppleWebKit/537.36 (KHTML, like Gecko) Chrome/44.0.2403.125 Safari/537.36" 2
0:0:0:0:0:0:0:1 - - [04/Aug/2015:19:03:54 +0000] "GET /service/api/ngramfts/deficyt HTTP/1.1" 404 312 "http://localhost:8080/" "Mozilla/5.0 (Macintosh; Intel Mac OS X 10_10_3) AppleWebKit/537.36 (KHTML, like Gecko) Chrome/44.0.2403.125 Safari/537.36" 4
0:0:0:0:0:0:0:1 - - [04/Aug/2015:19:04:22 +0000] "GET /service/api/ngramfts/piwo HTTP/1.1" 404 309 "-" "Mozilla/5.0 (Macintosh; Intel Mac OS X 10_10_3) AppleWebKit/537.36 (KHTML, like Gecko) Chrome/44.0.2403.125 Safari/537.36" 2
0:0:0:0:0:0:0:1 - - [04/Aug/2015:19:04:50 +0000] "GET /service/api/ngramfts/piwo HTTP/1.1" 404 309 "-" "Mozilla/5.0 (Macintosh; Intel Mac OS X 10_10_3) AppleWebKit/537.36 (KHTML, like Gecko) Chrome/44.0.2403.125 Safari/537.36" 2
0:0:0:0:0:0:0:1 - - [04/Aug/2015:19:05:31 +0000] "GET /service/api/ngramfts/piwo HTTP/1.1" 404 309 "-" "Mozilla/5.0 (Macintosh; Intel Mac OS X 10_10_3) AppleWebKit/537.36 (KHTML, like Gecko) Chrome/44.0.2403.125 Safari/537.36" 4
0:0:0:0:0:0:0:1 - - [04/Aug/2015:19:05:57 +0000] "GET /service/api/ngram/piwo HTTP/1.1" 200 - "-" "Mozilla/5.0 (Macintosh; Intel Mac OS X 10_10_3) AppleWebKit/537.36 (KHTML, like Gecko) Chrome/44.0.2403.125 Safari/537.36" 2129
0:0:0:0:0:0:0:1 - - [04/Aug/2015:19:06:37 +0000] "GET /css/vendor/normalize.css HTTP/1.1" 304 - "http://localhost:8080/" "Mozilla/5.0 (Macintosh; Intel Mac OS X 10_10_3) AppleWebKit/537.36 (KHTML, like Gecko) Chrome/44.0.2403.125 Safari/537.36" 5
0:0:0:0:0:0:0:1 - - [04/Aug/2015:19:06:37 +0000] "GET /css/vendor/ng-tags-input.css HTTP/1.1" 304 - "http://localhost:8080/" "Mozilla/5.0 (Macintosh; Intel Mac OS X 10_10_3) AppleWebKit/537.36 (KHTML, like Gecko) Chrome/44.0.2403.125 Safari/537.36" 5
0:0:0:0:0:0:0:1 - - [04/Aug/2015:19:06:37 +0000] "GET /js/vendor/angular.min.js.map HTTP/1.1" 200 - "-" "Mozilla/5.0 (Macintosh; Intel Mac OS X 10_10_3) AppleWebKit/537.36 (KHTML, like Gecko) Chrome/44.0.2403.125 Safari/537.36" 31
0:0:0:0:0:0:0:1 - - [04/Aug/2015:19:06:37 +0000] "GET /js/vendor/underscore-min.map HTTP/1.1" 200 - "-" "Mozilla/5.0 (Macintosh; Intel Mac OS X 10_10_3) AppleWebKit/537.36 (KHTML, like Gecko) Chrome/44.0.2403.125 Safari/537.36" 4
0:0:0:0:0:0:0:1 - - [04/Aug/2015:19:06:37 +0000] "GET /js/vendor/angular-animate.min.js.map HTTP/1.1" 200 - "-" "Mozilla/5.0 (Macintosh; Intel Mac OS X 10_10_3) AppleWebKit/537.36 (KHTML, like Gecko) Chrome/44.0.2403.125 Safari/537.36" 3
0:0:0:0:0:0:0:1 - - [04/Aug/2015:19:06:37 +0000] "GET /js/vendor/angular-route.min.js.map HTTP/1.1" 200 - "-" "Mozilla/5.0 (Macintosh; Intel Mac OS X 10_10_3) AppleWebKit/537.36 (KHTML, like Gecko) Chrome/44.0.2403.125 Safari/537.36" 2
0:0:0:0:0:0:0:1 - - [04/Aug/2015:19:07:41 +0000] "GET / HTTP/1.1" 200 - "-" "Mozilla/5.0 (Macintosh; Intel Mac OS X 10_10_3) AppleWebKit/537.36 (KHTML, like Gecko) Chrome/44.0.2403.125 Safari/537.36" 20
0:0:0:0:0:0:0:1 - - [04/Aug/2015:19:07:41 +0000] "GET /js/less/less-config.js HTTP/1.1" 200 85 "http://localhost:8080/" "Mozilla/5.0 (Macintosh; Intel Mac OS X 10_10_3) AppleWebKit/537.36 (KHTML, like Gecko) Chrome/44.0.2403.125 Safari/537.36" 5
0:0:0:0:0:0:0:1 - - [04/Aug/2015:19:07:41 +0000] "GET /css/vendor/ng-tags-input.css HTTP/1.1" 200 - "http://localhost:8080/" "Mozilla/5.0 (Macintosh; Intel Mac OS X 10_10_3) AppleWebKit/537.36 (KHTML, like Gecko) Chrome/44.0.2403.125 Safari/537.36" 7
0:0:0:0:0:0:0:1 - - [04/Aug/2015:19:07:41 +0000] "GET /css/vendor/normalize.css HTTP/1.1" 200 - "http://localhost:8080/" "Mozilla/5.0 (Macintosh; Intel Mac OS X 10_10_3) AppleWebKit/537.36 (KHTML, like Gecko) Chrome/44.0.2403.125 Safari/537.36" 8
0:0:0:0:0:0:0:1 - - [04/Aug/2015:19:07:41 +0000] "GET /js/vendor/underscore-min.js HTTP/1.1" 200 - "http://localhost:8080/" "Mozilla/5.0 (Macintosh; Intel Mac OS X 10_10_3) AppleWebKit/537.36 (KHTML, like Gecko) Chrome/44.0.2403.125 Safari/537.36" 9
0:0:0:0:0:0:0:1 - - [04/Aug/2015:19:07:41 +0000] "GET /js/vendor/less-1.7.3.min.js HTTP/1.1" 200 - "http://localhost:8080/" "Mozilla/5.0 (Macintosh; Intel Mac OS X 10_10_3) AppleWebKit/537.36 (KHTML, like Gecko) Chrome/44.0.2403.125 Safari/537.36" 29
0:0:0:0:0:0:0:1 - - [04/Aug/2015:19:07:41 +0000] "GET /js/vendor/modernizr-2.7.2.js HTTP/1.1" 200 - "http://localhost:8080/" "Mozilla/5.0 (Macintosh; Intel Mac OS X 10_10_3) AppleWebKit/537.36 (KHTML, like Gecko) Chrome/44.0.2403.125 Safari/537.36" 24
0:0:0:0:0:0:0:1 - - [04/Aug/2015:19:07:41 +0000] "GET /js/vendor/angular-route.min.js HTTP/1.1" 200 - "http://localhost:8080/" "Mozilla/5.0 (Macintosh; Intel Mac OS X 10_10_3) AppleWebKit/537.36 (KHTML, like Gecko) Chrome/44.0.2403.125 Safari/537.36" 10
0:0:0:0:0:0:0:1 - - [04/Aug/2015:19:07:41 +0000] "GET /js/vendor/angular-animate.min.js HTTP/1.1" 200 - "http://localhost:8080/" "Mozilla/5.0 (Macintosh; Intel Mac OS X 10_10_3) AppleWebKit/537.36 (KHTML, like Gecko) Chrome/44.0.2403.125 Safari/537.36" 9
0:0:0:0:0:0:0:1 - - [04/Aug/2015:19:07:41 +0000] "GET /js/vendor/ng-tags-input.js HTTP/1.1" 200 - "http://localhost:8080/" "Mozilla/5.0 (Macintosh; Intel Mac OS X 10_10_3) AppleWebKit/537.36 (KHTML, like Gecko) Chrome/44.0.2403.125 Safari/537.36" 8
0:0:0:0:0:0:0:1 - - [04/Aug/2015:19:07:41 +0000] "GET /js/vendor/angular.min.js HTTP/1.1" 200 - "http://localhost:8080/" "Mozilla/5.0 (Macintosh; Intel Mac OS X 10_10_3) AppleWebKit/537.36 (KHTML, like Gecko) Chrome/44.0.2403.125 Safari/537.36" 19
0:0:0:0:0:0:0:1 - - [04/Aug/2015:19:07:41 +0000] "GET /js/angularjs/directives/OnSizeChanged.js HTTP/1.1" 200 - "http://localhost:8080/" "Mozilla/5.0 (Macintosh; Intel Mac OS X 10_10_3) AppleWebKit/537.36 (KHTML, like Gecko) Chrome/44.0.2403.125 Safari/537.36" 2
0:0:0:0:0:0:0:1 - - [04/Aug/2015:19:07:41 +0000] "GET /js/angularjs/app.js HTTP/1.1" 200 - "http://localhost:8080/" "Mozilla/5.0 (Macintosh; Intel Mac OS X 10_10_3) AppleWebKit/537.36 (KHTML, like Gecko) Chrome/44.0.2403.125 Safari/537.36" 3
0:0:0:0:0:0:0:1 - - [04/Aug/2015:19:07:41 +0000] "GET /js/angularjs/directives/TermOccurencesChart.js HTTP/1.1" 200 - "http://localhost:8080/" "Mozilla/5.0 (Macintosh; Intel Mac OS X 10_10_3) AppleWebKit/537.36 (KHTML, like Gecko) Chrome/44.0.2403.125 Safari/537.36" 5
0:0:0:0:0:0:0:1 - - [04/Aug/2015:19:07:41 +0000] "GET /js/angularjs/directives/RangeFilterChart.js HTTP/1.1" 200 - "http://localhost:8080/" "Mozilla/5.0 (Macintosh; Intel Mac OS X 10_10_3) AppleWebKit/537.36 (KHTML, like Gecko) Chrome/44.0.2403.125 Safari/537.36" 3
0:0:0:0:0:0:0:1 - - [04/Aug/2015:19:07:41 +0000] "GET /js/vendor/d3.pl.min.js HTTP/1.1" 200 - "http://localhost:8080/" "Mozilla/5.0 (Macintosh; Intel Mac OS X 10_10_3) AppleWebKit/537.36 (KHTML, like Gecko) Chrome/44.0.2403.125 Safari/537.36" 14
0:0:0:0:0:0:0:1 - - [04/Aug/2015:19:07:41 +0000] "GET /js/angularjs/directives/GraphLegend.js HTTP/1.1" 200 - "http://localhost:8080/" "Mozilla/5.0 (Macintosh; Intel Mac OS X 10_10_3) AppleWebKit/537.36 (KHTML, like Gecko) Chrome/44.0.2403.125 Safari/537.36" 3
0:0:0:0:0:0:0:1 - - [04/Aug/2015:19:07:41 +0000] "GET /js/angularjs/controllers/IndexCtrl.js HTTP/1.1" 200 244 "http://localhost:8080/" "Mozilla/5.0 (Macintosh; Intel Mac OS X 10_10_3) AppleWebKit/537.36 (KHTML, like Gecko) Chrome/44.0.2403.125 Safari/537.36" 2
0:0:0:0:0:0:0:1 - - [04/Aug/2015:19:07:41 +0000] "GET /js/angularjs/services/PhrasesService.js HTTP/1.1" 200 - "http://localhost:8080/" "Mozilla/5.0 (Macintosh; Intel Mac OS X 10_10_3) AppleWebKit/537.36 (KHTML, like Gecko) Chrome/44.0.2403.125 Safari/537.36" 3
0:0:0:0:0:0:0:1 - - [04/Aug/2015:19:07:41 +0000] "GET /js/angularjs/controllers/ChartCtrl.js HTTP/1.1" 200 - "http://localhost:8080/" "Mozilla/5.0 (Macintosh; Intel Mac OS X 10_10_3) AppleWebKit/537.36 (KHTML, like Gecko) Chrome/44.0.2403.125 Safari/537.36" 2
0:0:0:0:0:0:0:1 - - [04/Aug/2015:19:07:41 +0000] "GET /img/sejmotrendy-logo.png HTTP/1.1" 200 - "http://localhost:8080/" "Mozilla/5.0 (Macintosh; Intel Mac OS X 10_10_3) AppleWebKit/537.36 (KHTML, like Gecko) Chrome/44.0.2403.125 Safari/537.36" 2
0:0:0:0:0:0:0:1 - - [04/Aug/2015:19:07:43 +0000] "GET /css/index.less HTTP/1.1" 200 - "http://localhost:8080/" "Mozilla/5.0 (Macintosh; Intel Mac OS X 10_10_3) AppleWebKit/537.36 (KHTML, like Gecko) Chrome/44.0.2403.125 Safari/537.36" 2
0:0:0:0:0:0:0:1 - - [04/Aug/2015:19:07:43 +0000] "GET /css/chart.less HTTP/1.1" 200 - "http://localhost:8080/" "Mozilla/5.0 (Macintosh; Intel Mac OS X 10_10_3) AppleWebKit/537.36 (KHTML, like Gecko) Chrome/44.0.2403.125 Safari/537.36" 2
0:0:0:0:0:0:0:1 - - [04/Aug/2015:19:07:43 +0000] "GET /js/vendor/underscore-min.map HTTP/1.1" 304 - "-" "Mozilla/5.0 (Macintosh; Intel Mac OS X 10_10_3) AppleWebKit/537.36 (KHTML, like Gecko) Chrome/44.0.2403.125 Safari/537.36" 4
0:0:0:0:0:0:0:1 - - [04/Aug/2015:19:07:43 +0000] "GET /js/vendor/angular-animate.min.js.map HTTP/1.1" 304 - "-" "Mozilla/5.0 (Macintosh; Intel Mac OS X 10_10_3) AppleWebKit/537.36 (KHTML, like Gecko) Chrome/44.0.2403.125 Safari/537.36" 3
0:0:0:0:0:0:0:1 - - [04/Aug/2015:19:07:43 +0000] "GET /js/vendor/angular-route.min.js.map HTTP/1.1" 304 - "-" "Mozilla/5.0 (Macintosh; Intel Mac OS X 10_10_3) AppleWebKit/537.36 (KHTML, like Gecko) Chrome/44.0.2403.125 Safari/537.36" 2
0:0:0:0:0:0:0:1 - - [04/Aug/2015:19:07:43 +0000] "GET /js/vendor/angular.min.js.map HTTP/1.1" 304 - "-" "Mozilla/5.0 (Macintosh; Intel Mac OS X 10_10_3) AppleWebKit/537.36 (KHTML, like Gecko) Chrome/44.0.2403.125 Safari/537.36" 5
0:0:0:0:0:0:0:1 - - [04/Aug/2015:19:07:43 +0000] "GET /templates/chart.html HTTP/1.1" 200 - "http://localhost:8080/" "Mozilla/5.0 (Macintosh; Intel Mac OS X 10_10_3) AppleWebKit/537.36 (KHTML, like Gecko) Chrome/44.0.2403.125 Safari/537.36" 3
0:0:0:0:0:0:0:1 - - [04/Aug/2015:19:07:43 +0000] "GET /service/api/hitcount/top HTTP/1.1" 200 51 "http://localhost:8080/" "Mozilla/5.0 (Macintosh; Intel Mac OS X 10_10_3) AppleWebKit/537.36 (KHTML, like Gecko) Chrome/44.0.2403.125 Safari/537.36" 62
0:0:0:0:0:0:0:1 - - [04/Aug/2015:19:07:43 +0000] "GET /templates/legend.html HTTP/1.1" 200 - "http://localhost:8080/" "Mozilla/5.0 (Macintosh; Intel Mac OS X 10_10_3) AppleWebKit/537.36 (KHTML, like Gecko) Chrome/44.0.2403.125 Safari/537.36" 1
0:0:0:0:0:0:0:1 - - [04/Aug/2015:19:07:43 +0000] "GET /img/tag-close.png HTTP/1.1" 200 - "http://localhost:8080/" "Mozilla/5.0 (Macintosh; Intel Mac OS X 10_10_3) AppleWebKit/537.36 (KHTML, like Gecko) Chrome/44.0.2403.125 Safari/537.36" 2
0:0:0:0:0:0:0:1 - - [04/Aug/2015:19:07:44 +0000] "GET /favicon.ico HTTP/1.1" 200 - "http://localhost:8080/" "Mozilla/5.0 (Macintosh; Intel Mac OS X 10_10_3) AppleWebKit/537.36 (KHTML, like Gecko) Chrome/44.0.2403.125 Safari/537.36" 2
0:0:0:0:0:0:0:1 - - [04/Aug/2015:19:07:48 +0000] "GET /service/api/ngramfts/deficyt HTTP/1.1" 404 312 "http://localhost:8080/" "Mozilla/5.0 (Macintosh; Intel Mac OS X 10_10_3) AppleWebKit/537.36 (KHTML, like Gecko) Chrome/44.0.2403.125 Safari/537.36" 4
0:0:0:0:0:0:0:1 - - [04/Aug/2015:19:11:02 +0000] "GET / HTTP/1.1" 200 - "-" "Mozilla/5.0 (Macintosh; Intel Mac OS X 10_10_3) AppleWebKit/537.36 (KHTML, like Gecko) Chrome/44.0.2403.125 Safari/537.36" 20
0:0:0:0:0:0:0:1 - - [04/Aug/2015:19:11:02 +0000] "GET /js/less/less-config.js HTTP/1.1" 200 85 "http://localhost:8080/" "Mozilla/5.0 (Macintosh; Intel Mac OS X 10_10_3) AppleWebKit/537.36 (KHTML, like Gecko) Chrome/44.0.2403.125 Safari/537.36" 7
0:0:0:0:0:0:0:1 - - [04/Aug/2015:19:11:02 +0000] "GET /css/vendor/normalize.css HTTP/1.1" 200 - "http://localhost:8080/" "Mozilla/5.0 (Macintosh; Intel Mac OS X 10_10_3) AppleWebKit/537.36 (KHTML, like Gecko) Chrome/44.0.2403.125 Safari/537.36" 9
0:0:0:0:0:0:0:1 - - [04/Aug/2015:19:11:02 +0000] "GET /css/vendor/ng-tags-input.css HTTP/1.1" 200 - "http://localhost:8080/" "Mozilla/5.0 (Macintosh; Intel Mac OS X 10_10_3) AppleWebKit/537.36 (KHTML, like Gecko) Chrome/44.0.2403.125 Safari/537.36" 10
0:0:0:0:0:0:0:1 - - [04/Aug/2015:19:11:02 +0000] "GET /img/sejmotrendy-logo.png HTTP/1.1" 200 - "http://localhost:8080/" "Mozilla/5.0 (Macintosh; Intel Mac OS X 10_10_3) AppleWebKit/537.36 (KHTML, like Gecko) Chrome/44.0.2403.125 Safari/537.36" 9
0:0:0:0:0:0:0:1 - - [04/Aug/2015:19:11:02 +0000] "GET /js/vendor/underscore-min.js HTTP/1.1" 200 - "http://localhost:8080/" "Mozilla/5.0 (Macintosh; Intel Mac OS X 10_10_3) AppleWebKit/537.36 (KHTML, like Gecko) Chrome/44.0.2403.125 Safari/537.36" 7
0:0:0:0:0:0:0:1 - - [04/Aug/2015:19:11:02 +0000] "GET /js/vendor/modernizr-2.7.2.js HTTP/1.1" 200 - "http://localhost:8080/" "Mozilla/5.0 (Macintosh; Intel Mac OS X 10_10_3) AppleWebKit/537.36 (KHTML, like Gecko) Chrome/44.0.2403.125 Safari/537.36" 19
0:0:0:0:0:0:0:1 - - [04/Aug/2015:19:11:02 +0000] "GET /js/vendor/angular-animate.min.js HTTP/1.1" 200 - "http://localhost:8080/" "Mozilla/5.0 (Macintosh; Intel Mac OS X 10_10_3) AppleWebKit/537.36 (KHTML, like Gecko) Chrome/44.0.2403.125 Safari/537.36" 7
0:0:0:0:0:0:0:1 - - [04/Aug/2015:19:11:02 +0000] "GET /js/vendor/less-1.7.3.min.js HTTP/1.1" 200 - "http://localhost:8080/" "Mozilla/5.0 (Macintosh; Intel Mac OS X 10_10_3) AppleWebKit/537.36 (KHTML, like Gecko) Chrome/44.0.2403.125 Safari/537.36" 34
0:0:0:0:0:0:0:1 - - [04/Aug/2015:19:11:02 +0000] "GET /js/vendor/angular.min.js HTTP/1.1" 200 - "http://localhost:8080/" "Mozilla/5.0 (Macintosh; Intel Mac OS X 10_10_3) AppleWebKit/537.36 (KHTML, like Gecko) Chrome/44.0.2403.125 Safari/537.36" 16
0:0:0:0:0:0:0:1 - - [04/Aug/2015:19:11:02 +0000] "GET /js/vendor/angular-route.min.js HTTP/1.1" 200 - "http://localhost:8080/" "Mozilla/5.0 (Macintosh; Intel Mac OS X 10_10_3) AppleWebKit/537.36 (KHTML, like Gecko) Chrome/44.0.2403.125 Safari/537.36" 7
0:0:0:0:0:0:0:1 - - [04/Aug/2015:19:11:02 +0000] "GET /js/vendor/ng-tags-input.js HTTP/1.1" 200 - "http://localhost:8080/" "Mozilla/5.0 (Macintosh; Intel Mac OS X 10_10_3) AppleWebKit/537.36 (KHTML, like Gecko) Chrome/44.0.2403.125 Safari/537.36" 6
0:0:0:0:0:0:0:1 - - [04/Aug/2015:19:11:02 +0000] "GET /js/angularjs/app.js HTTP/1.1" 200 - "http://localhost:8080/" "Mozilla/5.0 (Macintosh; Intel Mac OS X 10_10_3) AppleWebKit/537.36 (KHTML, like Gecko) Chrome/44.0.2403.125 Safari/537.36" 4
0:0:0:0:0:0:0:1 - - [04/Aug/2015:19:11:02 +0000] "GET /js/angularjs/directives/OnSizeChanged.js HTTP/1.1" 200 - "http://localhost:8080/" "Mozilla/5.0 (Macintosh; Intel Mac OS X 10_10_3) AppleWebKit/537.36 (KHTML, like Gecko) Chrome/44.0.2403.125 Safari/537.36" 6
0:0:0:0:0:0:0:1 - - [04/Aug/2015:19:11:02 +0000] "GET /js/angularjs/directives/TermOccurencesChart.js HTTP/1.1" 200 - "http://localhost:8080/" "Mozilla/5.0 (Macintosh; Intel Mac OS X 10_10_3) AppleWebKit/537.36 (KHTML, like Gecko) Chrome/44.0.2403.125 Safari/537.36" 4
0:0:0:0:0:0:0:1 - - [04/Aug/2015:19:11:02 +0000] "GET /js/vendor/d3.pl.min.js HTTP/1.1" 200 - "http://localhost:8080/" "Mozilla/5.0 (Macintosh; Intel Mac OS X 10_10_3) AppleWebKit/537.36 (KHTML, like Gecko) Chrome/44.0.2403.125 Safari/537.36" 20
0:0:0:0:0:0:0:1 - - [04/Aug/2015:19:11:02 +0000] "GET /js/angularjs/directives/RangeFilterChart.js HTTP/1.1" 200 - "http://localhost:8080/" "Mozilla/5.0 (Macintosh; Intel Mac OS X 10_10_3) AppleWebKit/537.36 (KHTML, like Gecko) Chrome/44.0.2403.125 Safari/537.36" 3
0:0:0:0:0:0:0:1 - - [04/Aug/2015:19:11:02 +0000] "GET /js/angularjs/directives/GraphLegend.js HTTP/1.1" 200 - "http://localhost:8080/" "Mozilla/5.0 (Macintosh; Intel Mac OS X 10_10_3) AppleWebKit/537.36 (KHTML, like Gecko) Chrome/44.0.2403.125 Safari/537.36" 2
0:0:0:0:0:0:0:1 - - [04/Aug/2015:19:11:02 +0000] "GET /js/angularjs/services/PhrasesService.js HTTP/1.1" 200 - "http://localhost:8080/" "Mozilla/5.0 (Macintosh; Intel Mac OS X 10_10_3) AppleWebKit/537.36 (KHTML, like Gecko) Chrome/44.0.2403.125 Safari/537.36" 2
0:0:0:0:0:0:0:1 - - [04/Aug/2015:19:11:02 +0000] "GET /js/angularjs/controllers/IndexCtrl.js HTTP/1.1" 200 244 "http://localhost:8080/" "Mozilla/5.0 (Macintosh; Intel Mac OS X 10_10_3) AppleWebKit/537.36 (KHTML, like Gecko) Chrome/44.0.2403.125 Safari/537.36" 1
0:0:0:0:0:0:0:1 - - [04/Aug/2015:19:11:02 +0000] "GET /js/angularjs/controllers/ChartCtrl.js HTTP/1.1" 200 - "http://localhost:8080/" "Mozilla/5.0 (Macintosh; Intel Mac OS X 10_10_3) AppleWebKit/537.36 (KHTML, like Gecko) Chrome/44.0.2403.125 Safari/537.36" 2
0:0:0:0:0:0:0:1 - - [04/Aug/2015:19:11:03 +0000] "GET /css/index.less HTTP/1.1" 200 - "http://localhost:8080/" "Mozilla/5.0 (Macintosh; Intel Mac OS X 10_10_3) AppleWebKit/537.36 (KHTML, like Gecko) Chrome/44.0.2403.125 Safari/537.36" 1
0:0:0:0:0:0:0:1 - - [04/Aug/2015:19:11:03 +0000] "GET /css/common.less HTTP/1.1" 200 - "http://localhost:8080/" "Mozilla/5.0 (Macintosh; Intel Mac OS X 10_10_3) AppleWebKit/537.36 (KHTML, like Gecko) Chrome/44.0.2403.125 Safari/537.36" 1
0:0:0:0:0:0:0:1 - - [04/Aug/2015:19:11:03 +0000] "GET /css/chart.less HTTP/1.1" 200 - "http://localhost:8080/" "Mozilla/5.0 (Macintosh; Intel Mac OS X 10_10_3) AppleWebKit/537.36 (KHTML, like Gecko) Chrome/44.0.2403.125 Safari/537.36" 1
0:0:0:0:0:0:0:1 - - [04/Aug/2015:19:11:03 +0000] "GET /css/common.less HTTP/1.1" 304 - "http://localhost:8080/" "Mozilla/5.0 (Macintosh; Intel Mac OS X 10_10_3) AppleWebKit/537.36 (KHTML, like Gecko) Chrome/44.0.2403.125 Safari/537.36" 3
0:0:0:0:0:0:0:1 - - [04/Aug/2015:19:11:03 +0000] "GET /js/vendor/underscore-min.map HTTP/1.1" 200 - "-" "Mozilla/5.0 (Macintosh; Intel Mac OS X 10_10_3) AppleWebKit/537.36 (KHTML, like Gecko) Chrome/44.0.2403.125 Safari/537.36" 5
0:0:0:0:0:0:0:1 - - [04/Aug/2015:19:11:03 +0000] "GET /js/vendor/angular-route.min.js.map HTTP/1.1" 200 - "-" "Mozilla/5.0 (Macintosh; Intel Mac OS X 10_10_3) AppleWebKit/537.36 (KHTML, like Gecko) Chrome/44.0.2403.125 Safari/537.36" 3
0:0:0:0:0:0:0:1 - - [04/Aug/2015:19:11:03 +0000] "GET /js/vendor/angular-animate.min.js.map HTTP/1.1" 200 - "-" "Mozilla/5.0 (Macintosh; Intel Mac OS X 10_10_3) AppleWebKit/537.36 (KHTML, like Gecko) Chrome/44.0.2403.125 Safari/537.36" 5
0:0:0:0:0:0:0:1 - - [04/Aug/2015:19:11:03 +0000] "GET /js/vendor/angular.min.js.map HTTP/1.1" 200 - "-" "Mozilla/5.0 (Macintosh; Intel Mac OS X 10_10_3) AppleWebKit/537.36 (KHTML, like Gecko) Chrome/44.0.2403.125 Safari/537.36" 31
0:0:0:0:0:0:0:1 - - [04/Aug/2015:19:11:03 +0000] "GET /templates/chart.html HTTP/1.1" 200 - "http://localhost:8080/" "Mozilla/5.0 (Macintosh; Intel Mac OS X 10_10_3) AppleWebKit/537.36 (KHTML, like Gecko) Chrome/44.0.2403.125 Safari/537.36" 3
0:0:0:0:0:0:0:1 - - [04/Aug/2015:19:11:03 +0000] "GET /service/api/hitcount/top HTTP/1.1" 200 51 "http://localhost:8080/" "Mozilla/5.0 (Macintosh; Intel Mac OS X 10_10_3) AppleWebKit/537.36 (KHTML, like Gecko) Chrome/44.0.2403.125 Safari/537.36" 56
0:0:0:0:0:0:0:1 - - [04/Aug/2015:19:11:03 +0000] "GET /templates/legend.html HTTP/1.1" 200 - "http://localhost:8080/" "Mozilla/5.0 (Macintosh; Intel Mac OS X 10_10_3) AppleWebKit/537.36 (KHTML, like Gecko) Chrome/44.0.2403.125 Safari/537.36" 2
0:0:0:0:0:0:0:1 - - [04/Aug/2015:19:11:03 +0000] "GET /img/tag-close.png HTTP/1.1" 200 - "http://localhost:8080/" "Mozilla/5.0 (Macintosh; Intel Mac OS X 10_10_3) AppleWebKit/537.36 (KHTML, like Gecko) Chrome/44.0.2403.125 Safari/537.36" 1
0:0:0:0:0:0:0:1 - - [04/Aug/2015:19:11:04 +0000] "GET /favicon.ico HTTP/1.1" 200 - "http://localhost:8080/" "Mozilla/5.0 (Macintosh; Intel Mac OS X 10_10_3) AppleWebKit/537.36 (KHTML, like Gecko) Chrome/44.0.2403.125 Safari/537.36" 1
0:0:0:0:0:0:0:1 - - [04/Aug/2015:19:11:15 +0000] "GET /service/api/ngram/deficyt HTTP/1.1" 200 - "http://localhost:8080/" "Mozilla/5.0 (Macintosh; Intel Mac OS X 10_10_3) AppleWebKit/537.36 (KHTML, like Gecko) Chrome/44.0.2403.125 Safari/537.36" 1150
0:0:0:0:0:0:0:1 - - [04/Aug/2015:19:40:04 +0000] "GET /service/api/ngram/piwo HTTP/1.1" 500 125 "-" "Mozilla/5.0 (Macintosh; Intel Mac OS X 10_10_3) AppleWebKit/537.36 (KHTML, like Gecko) Chrome/44.0.2403.125 Safari/537.36" 14
0:0:0:0:0:0:0:1 - - [04/Aug/2015:19:40:16 +0000] "GET /service/api/ngram/wysoka_izbo HTTP/1.1" 500 125 "-" "Mozilla/5.0 (Macintosh; Intel Mac OS X 10_10_3) AppleWebKit/537.36 (KHTML, like Gecko) Chrome/44.0.2403.125 Safari/537.36" 5
